<?xml version="1.0" encoding="UTF-8"?>
<!-- Generated by org.testng.reporters.JUnitXMLReporter -->
<testsuite ignored="0" hostname="DESKTOP-TBLA2PR" failures="0" tests="3" name="Default test" time="38.745" errors="0" timestamp="2023-08-15T06:21:59 IST">
  <testcase classname="org.wipro.automation.aumw.testcasesClass.LoginScenarios_DDF" name="tc01_logunfunctionality" time="2.259"/>
  <testcase classname="org.wipro.automation.aumw.testcasesClass.LoginScenarios_DDF" name="tc01_logunfunctionality" time="2.116"/>
  <testcase classname="org.wipro.automation.aumw.testcasesClass.LoginScenarios_DDF" name="tc01_logunfunctionality" time="1.873"/>
</testsuite> <!-- Default test -->
