<?xml version="1.0" encoding="UTF-8"?>
<testng-results ignored="0" total="3" passed="3" failed="0" skipped="0">
  <reporter-output>
  </reporter-output>
  <suite started-at="2023-08-15T06:21:20 IST" name="Default suite" finished-at="2023-08-15T06:21:58 IST" duration-ms="38745">
    <groups>
    </groups>
    <test started-at="2023-08-15T06:21:20 IST" name="Default test" finished-at="2023-08-15T06:21:58 IST" duration-ms="38745">
      <class name="org.wipro.automation.aumw.testcasesClass.LoginScenarios_DDF">
        <test-method is-config="true" signature="launchBrowser()[pri:0, instance:org.wipro.automation.aumw.testcasesClass.LoginScenarios_DDF@22e357dc]" started-at="2023-08-15T06:21:20 IST" name="launchBrowser" finished-at="2023-08-15T06:21:33 IST" duration-ms="13286" status="PASS">
          <reporter-output>
          </reporter-output>
        </test-method> <!-- launchBrowser -->
        <test-method signature="tc01_logunfunctionality(java.lang.String,java.lang.String)[pri:0, instance:org.wipro.automation.aumw.testcasesClass.LoginScenarios_DDF@22e357dc]" started-at="2023-08-15T06:21:33 IST" name="tc01_logunfunctionality" data-provider="staticdata" finished-at="2023-08-15T06:21:36 IST" duration-ms="2259" status="PASS">
          <params>
            <param index="0">
              <value>
                <![CDATA[user1]]>
              </value>
            </param>
            <param index="1">
              <value>
                <![CDATA[pass1]]>
              </value>
            </param>
          </params>
          <reporter-output>
          </reporter-output>
        </test-method> <!-- tc01_logunfunctionality -->
        <test-method is-config="true" signature="closeBrowser()[pri:0, instance:org.wipro.automation.aumw.testcasesClass.LoginScenarios_DDF@22e357dc]" started-at="2023-08-15T06:21:36 IST" name="closeBrowser" finished-at="2023-08-15T06:21:37 IST" duration-ms="969" status="PASS">
          <reporter-output>
          </reporter-output>
        </test-method> <!-- closeBrowser -->
        <test-method is-config="true" signature="launchBrowser()[pri:0, instance:org.wipro.automation.aumw.testcasesClass.LoginScenarios_DDF@22e357dc]" started-at="2023-08-15T06:21:37 IST" name="launchBrowser" finished-at="2023-08-15T06:21:45 IST" duration-ms="8403" status="PASS">
          <reporter-output>
          </reporter-output>
        </test-method> <!-- launchBrowser -->
        <test-method signature="tc01_logunfunctionality(java.lang.String,java.lang.String)[pri:0, instance:org.wipro.automation.aumw.testcasesClass.LoginScenarios_DDF@22e357dc]" started-at="2023-08-15T06:21:45 IST" name="tc01_logunfunctionality" data-provider="staticdata" finished-at="2023-08-15T06:21:47 IST" duration-ms="2116" status="PASS">
          <params>
            <param index="0">
              <value>
                <![CDATA[user2]]>
              </value>
            </param>
            <param index="1">
              <value>
                <![CDATA[pass2]]>
              </value>
            </param>
          </params>
          <reporter-output>
          </reporter-output>
        </test-method> <!-- tc01_logunfunctionality -->
        <test-method is-config="true" signature="closeBrowser()[pri:0, instance:org.wipro.automation.aumw.testcasesClass.LoginScenarios_DDF@22e357dc]" started-at="2023-08-15T06:21:47 IST" name="closeBrowser" finished-at="2023-08-15T06:21:48 IST" duration-ms="783" status="PASS">
          <reporter-output>
          </reporter-output>
        </test-method> <!-- closeBrowser -->
        <test-method is-config="true" signature="launchBrowser()[pri:0, instance:org.wipro.automation.aumw.testcasesClass.LoginScenarios_DDF@22e357dc]" started-at="2023-08-15T06:21:48 IST" name="launchBrowser" finished-at="2023-08-15T06:21:56 IST" duration-ms="7841" status="PASS">
          <reporter-output>
          </reporter-output>
        </test-method> <!-- launchBrowser -->
        <test-method signature="tc01_logunfunctionality(java.lang.String,java.lang.String)[pri:0, instance:org.wipro.automation.aumw.testcasesClass.LoginScenarios_DDF@22e357dc]" started-at="2023-08-15T06:21:56 IST" name="tc01_logunfunctionality" data-provider="staticdata" finished-at="2023-08-15T06:21:58 IST" duration-ms="1873" status="PASS">
          <params>
            <param index="0">
              <value>
                <![CDATA[user3]]>
              </value>
            </param>
            <param index="1">
              <value>
                <![CDATA[pass3]]>
              </value>
            </param>
          </params>
          <reporter-output>
          </reporter-output>
        </test-method> <!-- tc01_logunfunctionality -->
        <test-method is-config="true" signature="closeBrowser()[pri:0, instance:org.wipro.automation.aumw.testcasesClass.LoginScenarios_DDF@22e357dc]" started-at="2023-08-15T06:21:58 IST" name="closeBrowser" finished-at="2023-08-15T06:21:58 IST" duration-ms="891" status="PASS">
          <reporter-output>
          </reporter-output>
        </test-method> <!-- closeBrowser -->
      </class> <!-- org.wipro.automation.aumw.testcasesClass.LoginScenarios_DDF -->
    </test> <!-- Default test -->
  </suite> <!-- Default suite -->
</testng-results>
